<?xml version="1.0" encoding="UTF-8"?>
<testng-results ignored="0" total="7" passed="7" failed="0" skipped="0">
  <reporter-output>
  </reporter-output>
  <suite started-at="2024-04-04T09:36:22 IST" name="Default suite" finished-at="2024-04-04T09:36:26 IST" duration-ms="3661">
    <groups>
      <group name="cucumber">
        <method signature="AbstractTestNGCucumberTests.runScenario(io.cucumber.testng.PickleWrapper,io.cucumber.testng.FeatureWrapper)[pri:0, instance:runnersprintmodule.modulerunner@28dcca0c]" name="runScenario" class="io.cucumber.testng.AbstractTestNGCucumberTests"/>
      </group> <!-- cucumber -->
    </groups>
    <test started-at="2024-04-04T09:36:22 IST" name="Default test" finished-at="2024-04-04T09:36:26 IST" duration-ms="3661">
      <class name="runnersprintmodule.modulerunner">
        <test-method is-config="true" signature="setUpClass(org.testng.ITestContext)[pri:0, instance:runnersprintmodule.modulerunner@28dcca0c]" started-at="2024-04-04T09:36:22 IST" name="setUpClass" finished-at="2024-04-04T09:36:23 IST" duration-ms="1082" status="PASS">
          <params>
            <param index="0">
              <value>
                <![CDATA[org.testng.TestRunner@2dba05b1]]>
              </value>
            </param>
          </params>
          <reporter-output>
          </reporter-output>
        </test-method> <!-- setUpClass -->
        <test-method signature="runScenario(io.cucumber.testng.PickleWrapper,io.cucumber.testng.FeatureWrapper)[pri:0, instance:runnersprintmodule.modulerunner@28dcca0c]" started-at="2024-04-04T09:36:23 IST" name="runScenario" description="Runs Cucumber Scenarios" data-provider="scenarios" finished-at="2024-04-04T09:36:24 IST" duration-ms="247" status="PASS">
          <params>
            <param index="0">
              <value>
                <![CDATA["speak to professional in colour catalogue"]]>
              </value>
            </param>
            <param index="1">
              <value>
                <![CDATA["Paints module"]]>
              </value>
            </param>
          </params>
          <reporter-output>
          </reporter-output>
        </test-method> <!-- runScenario -->
        <test-method signature="runScenario(io.cucumber.testng.PickleWrapper,io.cucumber.testng.FeatureWrapper)[pri:0, instance:runnersprintmodule.modulerunner@28dcca0c]" started-at="2024-04-04T09:36:24 IST" name="runScenario" description="Runs Cucumber Scenarios" data-provider="scenarios" finished-at="2024-04-04T09:36:24 IST" duration-ms="16" status="PASS">
          <params>
            <param index="0">
              <value>
                <![CDATA["speak to professional form invalid pincode"]]>
              </value>
            </param>
            <param index="1">
              <value>
                <![CDATA["Paints module"]]>
              </value>
            </param>
          </params>
          <reporter-output>
          </reporter-output>
        </test-method> <!-- runScenario -->
        <test-method signature="runScenario(io.cucumber.testng.PickleWrapper,io.cucumber.testng.FeatureWrapper)[pri:0, instance:runnersprintmodule.modulerunner@28dcca0c]" started-at="2024-04-04T09:36:24 IST" name="runScenario" description="Runs Cucumber Scenarios" data-provider="scenarios" finished-at="2024-04-04T09:36:24 IST" duration-ms="15" status="PASS">
          <params>
            <param index="0">
              <value>
                <![CDATA["wallpaper section actions"]]>
              </value>
            </param>
            <param index="1">
              <value>
                <![CDATA["Paints module"]]>
              </value>
            </param>
          </params>
          <reporter-output>
          </reporter-output>
        </test-method> <!-- runScenario -->
        <test-method signature="runScenario(io.cucumber.testng.PickleWrapper,io.cucumber.testng.FeatureWrapper)[pri:0, instance:runnersprintmodule.modulerunner@28dcca0c]" started-at="2024-04-04T09:36:24 IST" name="runScenario" description="Runs Cucumber Scenarios" data-provider="scenarios" finished-at="2024-04-04T09:36:24 IST" duration-ms="17" status="PASS">
          <params>
            <param index="0">
              <value>
                <![CDATA["wallpaper section clear filter action"]]>
              </value>
            </param>
            <param index="1">
              <value>
                <![CDATA["Paints module"]]>
              </value>
            </param>
          </params>
          <reporter-output>
          </reporter-output>
        </test-method> <!-- runScenario -->
        <test-method signature="runScenario(io.cucumber.testng.PickleWrapper,io.cucumber.testng.FeatureWrapper)[pri:0, instance:runnersprintmodule.modulerunner@28dcca0c]" started-at="2024-04-04T09:36:24 IST" name="runScenario" description="Runs Cucumber Scenarios" data-provider="scenarios" finished-at="2024-04-04T09:36:24 IST" duration-ms="13" status="PASS">
          <params>
            <param index="0">
              <value>
                <![CDATA["exterior textures clicking filters to submit"]]>
              </value>
            </param>
            <param index="1">
              <value>
                <![CDATA["Paints module"]]>
              </value>
            </param>
          </params>
          <reporter-output>
          </reporter-output>
        </test-method> <!-- runScenario -->
        <test-method signature="runScenario(io.cucumber.testng.PickleWrapper,io.cucumber.testng.FeatureWrapper)[pri:0, instance:runnersprintmodule.modulerunner@28dcca0c]" started-at="2024-04-04T09:36:24 IST" name="runScenario" description="Runs Cucumber Scenarios" data-provider="scenarios" finished-at="2024-04-04T09:36:24 IST" duration-ms="26" status="PASS">
          <params>
            <param index="0">
              <value>
                <![CDATA["Submit enquiry form with valid inputs"]]>
              </value>
            </param>
            <param index="1">
              <value>
                <![CDATA["Paints module"]]>
              </value>
            </param>
          </params>
          <reporter-output>
          </reporter-output>
        </test-method> <!-- runScenario -->
        <test-method signature="runScenario(io.cucumber.testng.PickleWrapper,io.cucumber.testng.FeatureWrapper)[pri:0, instance:runnersprintmodule.modulerunner@28dcca0c]" started-at="2024-04-04T09:36:24 IST" name="runScenario" description="Runs Cucumber Scenarios" data-provider="scenarios" finished-at="2024-04-04T09:36:24 IST" duration-ms="17" status="PASS">
          <params>
            <param index="0">
              <value>
                <![CDATA["Submit enquiry form with valid inputs"]]>
              </value>
            </param>
            <param index="1">
              <value>
                <![CDATA["Paints module"]]>
              </value>
            </param>
          </params>
          <reporter-output>
          </reporter-output>
        </test-method> <!-- runScenario -->
        <test-method is-config="true" signature="tearDownClass()[pri:0, instance:runnersprintmodule.modulerunner@28dcca0c]" started-at="2024-04-04T09:36:24 IST" name="tearDownClass" finished-at="2024-04-04T09:36:26 IST" duration-ms="2168" status="PASS">
          <reporter-output>
          </reporter-output>
        </test-method> <!-- tearDownClass -->
      </class> <!-- runnersprintmodule.modulerunner -->
    </test> <!-- Default test -->
  </suite> <!-- Default suite -->
</testng-results>
